[     185ms] [ERROR] Failed to load resource: the server responded with a status of 401 () @ http://localhost:8080/api/plugins:0
[     355ms] [ERROR] Failed to load resource: the server responded with a status of 401 () @ http://localhost:8080/api/plugins:0
[     459ms] [ERROR] Failed to load resource: the server responded with a status of 401 () @ http://localhost:8080/api/plugins:0
[     559ms] [ERROR] Failed to load resource: the server responded with a status of 401 () @ http://localhost:8080/api/plugins:0
[     655ms] [ERROR] Failed to load resource: the server responded with a status of 401 () @ http://localhost:8080/api/plugins:0
[     755ms] [ERROR] Failed to load resource: the server responded with a status of 401 () @ http://localhost:8080/api/plugins:0
[     864ms] [ERROR] Failed to load resource: the server responded with a status of 401 () @ http://localhost:8080/api/plugins:0
[     973ms] [ERROR] Failed to load resource: the server responded with a status of 401 () @ http://localhost:8080/api/plugins:0
[    1073ms] [ERROR] Failed to load resource: the server responded with a status of 401 () @ http://localhost:8080/api/plugins:0
[    1170ms] [ERROR] Failed to load resource: the server responded with a status of 401 () @ http://localhost:8080/api/plugins:0
[    1279ms] [ERROR] Failed to load resource: the server responded with a status of 401 () @ http://localhost:8080/api/plugins:0
[    1387ms] [ERROR] Failed to load resource: the server responded with a status of 401 () @ http://localhost:8080/api/plugins:0
[    1486ms] [ERROR] Failed to load resource: the server responded with a status of 401 () @ http://localhost:8080/api/plugins:0
[    1582ms] [ERROR] Failed to load resource: the server responded with a status of 401 () @ http://localhost:8080/api/plugins:0
[    1677ms] [ERROR] Failed to load resource: the server responded with a status of 401 () @ http://localhost:8080/api/plugins:0
[    1772ms] [ERROR] Failed to load resource: the server responded with a status of 401 () @ http://localhost:8080/api/plugins:0
[    1867ms] [ERROR] Failed to load resource: the server responded with a status of 401 () @ http://localhost:8080/api/plugins:0
[    1964ms] [ERROR] Failed to load resource: the server responded with a status of 401 () @ http://localhost:8080/api/plugins:0
[    2057ms] [ERROR] Failed to load resource: the server responded with a status of 401 () @ http://localhost:8080/api/plugins:0
[    2152ms] [ERROR] Failed to load resource: the server responded with a status of 401 () @ http://localhost:8080/api/plugins:0
[    2245ms] [ERROR] Failed to load resource: the server responded with a status of 401 () @ http://localhost:8080/api/plugins:0
[    2346ms] [ERROR] Failed to load resource: the server responded with a status of 401 () @ http://localhost:8080/api/plugins:0
[    2455ms] [ERROR] Failed to load resource: the server responded with a status of 401 () @ http://localhost:8080/api/plugins:0
[    2554ms] [ERROR] Failed to load resource: the server responded with a status of 401 () @ http://localhost:8080/api/plugins:0
[    2651ms] [ERROR] Failed to load resource: the server responded with a status of 401 () @ http://localhost:8080/api/plugins:0
[    2769ms] [ERROR] Failed to load resource: the server responded with a status of 401 () @ http://localhost:8080/api/plugins:0
[    2867ms] [ERROR] Failed to load resource: the server responded with a status of 401 () @ http://localhost:8080/api/plugins:0
[    2967ms] [ERROR] Failed to load resource: the server responded with a status of 401 () @ http://localhost:8080/api/plugins:0
[    3063ms] [ERROR] Failed to load resource: the server responded with a status of 401 () @ http://localhost:8080/api/plugins:0
[    3159ms] [ERROR] Failed to load resource: the server responded with a status of 401 () @ http://localhost:8080/api/plugins:0
[    3252ms] [ERROR] Failed to load resource: the server responded with a status of 401 () @ http://localhost:8080/api/plugins:0
[    3346ms] [ERROR] Failed to load resource: the server responded with a status of 401 () @ http://localhost:8080/api/plugins:0
[    3440ms] [ERROR] Failed to load resource: the server responded with a status of 401 () @ http://localhost:8080/api/plugins:0
[    3535ms] [ERROR] Failed to load resource: the server responded with a status of 401 () @ http://localhost:8080/api/plugins:0
[    3629ms] [ERROR] Failed to load resource: the server responded with a status of 401 () @ http://localhost:8080/api/plugins:0
[    3727ms] [ERROR] Failed to load resource: the server responded with a status of 401 () @ http://localhost:8080/api/plugins:0
[    3831ms] [ERROR] Failed to load resource: the server responded with a status of 401 () @ http://localhost:8080/api/plugins:0
[    3931ms] [ERROR] Failed to load resource: the server responded with a status of 401 () @ http://localhost:8080/api/plugins:0
[    4032ms] [ERROR] Failed to load resource: the server responded with a status of 401 () @ http://localhost:8080/api/plugins:0
[    4134ms] [ERROR] Failed to load resource: the server responded with a status of 401 () @ http://localhost:8080/api/plugins:0
[    4234ms] [ERROR] Failed to load resource: the server responded with a status of 401 () @ http://localhost:8080/api/plugins:0
[    4333ms] [ERROR] Failed to load resource: the server responded with a status of 401 () @ http://localhost:8080/api/plugins:0
[    4431ms] [ERROR] Failed to load resource: the server responded with a status of 401 () @ http://localhost:8080/api/plugins:0
[    4527ms] [ERROR] Failed to load resource: the server responded with a status of 401 () @ http://localhost:8080/api/plugins:0
[    4622ms] [ERROR] Failed to load resource: the server responded with a status of 401 () @ http://localhost:8080/api/plugins:0
[    4715ms] [ERROR] Failed to load resource: the server responded with a status of 401 () @ http://localhost:8080/api/plugins:0
[    4813ms] [ERROR] Failed to load resource: the server responded with a status of 401 () @ http://localhost:8080/api/plugins:0
[    4910ms] [ERROR] Failed to load resource: the server responded with a status of 401 () @ http://localhost:8080/api/plugins:0
[    5005ms] [ERROR] Failed to load resource: the server responded with a status of 401 () @ http://localhost:8080/api/plugins:0
[    5102ms] [ERROR] Failed to load resource: the server responded with a status of 401 () @ http://localhost:8080/api/plugins:0
[    5208ms] [ERROR] Failed to load resource: the server responded with a status of 401 () @ http://localhost:8080/api/plugins:0
[    5313ms] [ERROR] Failed to load resource: the server responded with a status of 401 () @ http://localhost:8080/api/plugins:0
[    5412ms] [ERROR] Failed to load resource: the server responded with a status of 401 () @ http://localhost:8080/api/plugins:0
[    5508ms] [ERROR] Failed to load resource: the server responded with a status of 401 () @ http://localhost:8080/api/plugins:0
[    5604ms] [ERROR] Failed to load resource: the server responded with a status of 401 () @ http://localhost:8080/api/plugins:0
[    5699ms] [ERROR] Failed to load resource: the server responded with a status of 401 () @ http://localhost:8080/api/plugins:0
[    5794ms] [ERROR] Failed to load resource: the server responded with a status of 401 () @ http://localhost:8080/api/plugins:0
[    5893ms] [ERROR] Failed to load resource: the server responded with a status of 401 () @ http://localhost:8080/api/plugins:0
[    5992ms] [ERROR] Failed to load resource: the server responded with a status of 401 () @ http://localhost:8080/api/plugins:0
[    6087ms] [ERROR] Failed to load resource: the server responded with a status of 401 () @ http://localhost:8080/api/plugins:0
[    6184ms] [ERROR] Failed to load resource: the server responded with a status of 401 () @ http://localhost:8080/api/plugins:0
[    6279ms] [ERROR] Failed to load resource: the server responded with a status of 401 () @ http://localhost:8080/api/plugins:0
[    6373ms] [ERROR] Failed to load resource: the server responded with a status of 401 () @ http://localhost:8080/api/plugins:0
[    6467ms] [ERROR] Failed to load resource: the server responded with a status of 401 () @ http://localhost:8080/api/plugins:0
[    6563ms] [ERROR] Failed to load resource: the server responded with a status of 401 () @ http://localhost:8080/api/plugins:0
[    6658ms] [ERROR] Failed to load resource: the server responded with a status of 401 () @ http://localhost:8080/api/plugins:0
[    6754ms] [ERROR] Failed to load resource: the server responded with a status of 401 () @ http://localhost:8080/api/plugins:0
[    6851ms] [ERROR] Failed to load resource: the server responded with a status of 401 () @ http://localhost:8080/api/plugins:0
[    6946ms] [ERROR] Failed to load resource: the server responded with a status of 401 () @ http://localhost:8080/api/plugins:0
[    7041ms] [ERROR] Failed to load resource: the server responded with a status of 401 () @ http://localhost:8080/api/plugins:0
[    7161ms] [ERROR] Failed to load resource: the server responded with a status of 401 () @ http://localhost:8080/api/plugins:0
[    7256ms] [ERROR] Failed to load resource: the server responded with a status of 401 () @ http://localhost:8080/api/plugins:0
[    7354ms] [ERROR] Failed to load resource: the server responded with a status of 401 () @ http://localhost:8080/api/plugins:0
[    7452ms] [ERROR] Failed to load resource: the server responded with a status of 401 () @ http://localhost:8080/api/plugins:0
[    7550ms] [ERROR] Failed to load resource: the server responded with a status of 401 () @ http://localhost:8080/api/plugins:0
[    7643ms] [ERROR] Failed to load resource: the server responded with a status of 401 () @ http://localhost:8080/api/plugins:0
[    7752ms] [ERROR] Failed to load resource: the server responded with a status of 401 () @ http://localhost:8080/api/plugins:0
[    7846ms] [ERROR] Failed to load resource: the server responded with a status of 401 () @ http://localhost:8080/api/plugins:0
[    7940ms] [ERROR] Failed to load resource: the server responded with a status of 401 () @ http://localhost:8080/api/plugins:0
[    8032ms] [ERROR] Failed to load resource: the server responded with a status of 401 () @ http://localhost:8080/api/plugins:0
[    8129ms] [ERROR] Failed to load resource: the server responded with a status of 401 () @ http://localhost:8080/api/plugins:0
[    8224ms] [ERROR] Failed to load resource: the server responded with a status of 401 () @ http://localhost:8080/api/plugins:0
[    8317ms] [ERROR] Failed to load resource: the server responded with a status of 401 () @ http://localhost:8080/api/plugins:0
[    8412ms] [ERROR] Failed to load resource: the server responded with a status of 401 () @ http://localhost:8080/api/plugins:0
[    8506ms] [ERROR] Failed to load resource: the server responded with a status of 401 () @ http://localhost:8080/api/plugins:0
[    8600ms] [ERROR] Failed to load resource: the server responded with a status of 401 () @ http://localhost:8080/api/plugins:0
[    8692ms] [ERROR] Failed to load resource: the server responded with a status of 401 () @ http://localhost:8080/api/plugins:0
[    8785ms] [ERROR] Failed to load resource: the server responded with a status of 401 () @ http://localhost:8080/api/plugins:0
[    8876ms] [ERROR] Failed to load resource: the server responded with a status of 401 () @ http://localhost:8080/api/plugins:0
[    8970ms] [ERROR] Failed to load resource: the server responded with a status of 401 () @ http://localhost:8080/api/plugins:0
[    9071ms] [ERROR] Failed to load resource: the server responded with a status of 401 () @ http://localhost:8080/api/plugins:0
[    9175ms] [ERROR] Failed to load resource: the server responded with a status of 401 () @ http://localhost:8080/api/plugins:0
[    9274ms] [ERROR] Failed to load resource: the server responded with a status of 401 () @ http://localhost:8080/api/plugins:0
[    9371ms] [ERROR] Failed to load resource: the server responded with a status of 401 () @ http://localhost:8080/api/plugins:0
[    9469ms] [ERROR] Failed to load resource: the server responded with a status of 401 () @ http://localhost:8080/api/plugins:0
[    9563ms] [ERROR] Failed to load resource: the server responded with a status of 401 () @ http://localhost:8080/api/plugins:0
[    9657ms] [ERROR] Failed to load resource: the server responded with a status of 401 () @ http://localhost:8080/api/plugins:0
[    9753ms] [ERROR] Failed to load resource: the server responded with a status of 401 () @ http://localhost:8080/api/plugins:0
[    9848ms] [ERROR] Failed to load resource: the server responded with a status of 401 () @ http://localhost:8080/api/plugins:0
[    9943ms] [ERROR] Failed to load resource: the server responded with a status of 401 () @ http://localhost:8080/api/plugins:0
[   10037ms] [ERROR] Failed to load resource: the server responded with a status of 401 () @ http://localhost:8080/api/plugins:0
[   10135ms] [ERROR] Failed to load resource: the server responded with a status of 401 () @ http://localhost:8080/api/plugins:0
[   10229ms] [ERROR] Failed to load resource: the server responded with a status of 401 () @ http://localhost:8080/api/plugins:0
[   10325ms] [ERROR] Failed to load resource: the server responded with a status of 401 () @ http://localhost:8080/api/plugins:0
[   10419ms] [ERROR] Failed to load resource: the server responded with a status of 401 () @ http://localhost:8080/api/plugins:0
[   10519ms] [ERROR] Failed to load resource: the server responded with a status of 401 () @ http://localhost:8080/api/plugins:0
[   10617ms] [ERROR] Failed to load resource: the server responded with a status of 401 () @ http://localhost:8080/api/plugins:0
[   10714ms] [ERROR] Failed to load resource: the server responded with a status of 401 () @ http://localhost:8080/api/plugins:0
[   10814ms] [ERROR] Failed to load resource: the server responded with a status of 401 () @ http://localhost:8080/api/plugins:0
[   10915ms] [ERROR] Failed to load resource: the server responded with a status of 401 () @ http://localhost:8080/api/plugins:0
[   11014ms] [ERROR] Failed to load resource: the server responded with a status of 401 () @ http://localhost:8080/api/plugins:0
[   11117ms] [ERROR] Failed to load resource: the server responded with a status of 401 () @ http://localhost:8080/api/plugins:0
[   11217ms] [ERROR] Failed to load resource: the server responded with a status of 401 () @ http://localhost:8080/api/plugins:0
[   11317ms] [ERROR] Failed to load resource: the server responded with a status of 401 () @ http://localhost:8080/api/plugins:0
[   11412ms] [ERROR] Failed to load resource: the server responded with a status of 401 () @ http://localhost:8080/api/plugins:0
[   11511ms] [ERROR] Failed to load resource: the server responded with a status of 401 () @ http://localhost:8080/api/plugins:0
[   11604ms] [ERROR] Failed to load resource: the server responded with a status of 401 () @ http://localhost:8080/api/plugins:0
[   11699ms] [ERROR] Failed to load resource: the server responded with a status of 401 () @ http://localhost:8080/api/plugins:0
[   11792ms] [ERROR] Failed to load resource: the server responded with a status of 401 () @ http://localhost:8080/api/plugins:0
[   11886ms] [ERROR] Failed to load resource: the server responded with a status of 401 () @ http://localhost:8080/api/plugins:0
[   11979ms] [ERROR] Failed to load resource: the server responded with a status of 401 () @ http://localhost:8080/api/plugins:0
[   12074ms] [ERROR] Failed to load resource: the server responded with a status of 401 () @ http://localhost:8080/api/plugins:0
[   12168ms] [ERROR] Failed to load resource: the server responded with a status of 401 () @ http://localhost:8080/api/plugins:0
[   12261ms] [ERROR] Failed to load resource: the server responded with a status of 401 () @ http://localhost:8080/api/plugins:0
[   12354ms] [ERROR] Failed to load resource: the server responded with a status of 401 () @ http://localhost:8080/api/plugins:0
[   12447ms] [ERROR] Failed to load resource: the server responded with a status of 401 () @ http://localhost:8080/api/plugins:0
[   12539ms] [ERROR] Failed to load resource: the server responded with a status of 401 () @ http://localhost:8080/api/plugins:0
[   12634ms] [ERROR] Failed to load resource: the server responded with a status of 401 () @ http://localhost:8080/api/plugins:0
[   12728ms] [ERROR] Failed to load resource: the server responded with a status of 401 () @ http://localhost:8080/api/plugins:0
[   12823ms] [ERROR] Failed to load resource: the server responded with a status of 401 () @ http://localhost:8080/api/plugins:0
[   12919ms] [ERROR] Failed to load resource: the server responded with a status of 401 () @ http://localhost:8080/api/plugins:0
[   13014ms] [ERROR] Failed to load resource: the server responded with a status of 401 () @ http://localhost:8080/api/plugins:0
[   13107ms] [ERROR] Failed to load resource: the server responded with a status of 401 () @ http://localhost:8080/api/plugins:0
[   13206ms] [ERROR] Failed to load resource: the server responded with a status of 401 () @ http://localhost:8080/api/plugins:0
[   13305ms] [ERROR] Failed to load resource: the server responded with a status of 401 () @ http://localhost:8080/api/plugins:0
[   13402ms] [ERROR] Failed to load resource: the server responded with a status of 401 () @ http://localhost:8080/api/plugins:0
[   13496ms] [ERROR] Failed to load resource: the server responded with a status of 401 () @ http://localhost:8080/api/plugins:0
[   13589ms] [ERROR] Failed to load resource: the server responded with a status of 401 () @ http://localhost:8080/api/plugins:0
[   13682ms] [ERROR] Failed to load resource: the server responded with a status of 401 () @ http://localhost:8080/api/plugins:0
[   13776ms] [ERROR] Failed to load resource: the server responded with a status of 401 () @ http://localhost:8080/api/plugins:0
[   13873ms] [ERROR] Failed to load resource: the server responded with a status of 401 () @ http://localhost:8080/api/plugins:0
[   13968ms] [ERROR] Failed to load resource: the server responded with a status of 401 () @ http://localhost:8080/api/plugins:0
[   14063ms] [ERROR] Failed to load resource: the server responded with a status of 401 () @ http://localhost:8080/api/plugins:0
[   14156ms] [ERROR] Failed to load resource: the server responded with a status of 401 () @ http://localhost:8080/api/plugins:0
[   14250ms] [ERROR] Failed to load resource: the server responded with a status of 401 () @ http://localhost:8080/api/plugins:0
[   14346ms] [ERROR] Failed to load resource: the server responded with a status of 401 () @ http://localhost:8080/api/plugins:0
[   14439ms] [ERROR] Failed to load resource: the server responded with a status of 401 () @ http://localhost:8080/api/plugins:0
[   14533ms] [ERROR] Failed to load resource: the server responded with a status of 401 () @ http://localhost:8080/api/plugins:0
[   14627ms] [ERROR] Failed to load resource: the server responded with a status of 401 () @ http://localhost:8080/api/plugins:0
[   14722ms] [ERROR] Failed to load resource: the server responded with a status of 401 () @ http://localhost:8080/api/plugins:0
[   14824ms] [ERROR] Failed to load resource: the server responded with a status of 401 () @ http://localhost:8080/api/plugins:0
[   14922ms] [ERROR] Failed to load resource: the server responded with a status of 401 () @ http://localhost:8080/api/plugins:0
[   15017ms] [ERROR] Failed to load resource: the server responded with a status of 401 () @ http://localhost:8080/api/plugins:0
[   15111ms] [ERROR] Failed to load resource: the server responded with a status of 401 () @ http://localhost:8080/api/plugins:0
[   15206ms] [ERROR] Failed to load resource: the server responded with a status of 401 () @ http://localhost:8080/api/plugins:0
[   15307ms] [ERROR] Failed to load resource: the server responded with a status of 401 () @ http://localhost:8080/api/plugins:0
[   15404ms] [ERROR] Failed to load resource: the server responded with a status of 401 () @ http://localhost:8080/api/plugins:0
[   15498ms] [ERROR] Failed to load resource: the server responded with a status of 401 () @ http://localhost:8080/api/plugins:0
[   15591ms] [ERROR] Failed to load resource: the server responded with a status of 401 () @ http://localhost:8080/api/plugins:0
[   15687ms] [ERROR] Failed to load resource: the server responded with a status of 401 () @ http://localhost:8080/api/plugins:0
[   15784ms] [ERROR] Failed to load resource: the server responded with a status of 401 () @ http://localhost:8080/api/plugins:0
[   15879ms] [ERROR] Failed to load resource: the server responded with a status of 401 () @ http://localhost:8080/api/plugins:0
[   15974ms] [ERROR] Failed to load resource: the server responded with a status of 401 () @ http://localhost:8080/api/plugins:0
[   16067ms] [ERROR] Failed to load resource: the server responded with a status of 401 () @ http://localhost:8080/api/plugins:0
[   16162ms] [ERROR] Failed to load resource: the server responded with a status of 401 () @ http://localhost:8080/api/plugins:0
[   16258ms] [ERROR] Failed to load resource: the server responded with a status of 401 () @ http://localhost:8080/api/plugins:0
[   16354ms] [ERROR] Failed to load resource: the server responded with a status of 401 () @ http://localhost:8080/api/plugins:0
[   16448ms] [ERROR] Failed to load resource: the server responded with a status of 401 () @ http://localhost:8080/api/plugins:0
[   16542ms] [ERROR] Failed to load resource: the server responded with a status of 401 () @ http://localhost:8080/api/plugins:0
[   16638ms] [ERROR] Failed to load resource: the server responded with a status of 401 () @ http://localhost:8080/api/plugins:0
[   16739ms] [ERROR] Failed to load resource: the server responded with a status of 401 () @ http://localhost:8080/api/plugins:0
[   16835ms] [ERROR] Failed to load resource: the server responded with a status of 401 () @ http://localhost:8080/api/plugins:0
[   16929ms] [ERROR] Failed to load resource: the server responded with a status of 401 () @ http://localhost:8080/api/plugins:0
[   17023ms] [ERROR] Failed to load resource: the server responded with a status of 401 () @ http://localhost:8080/api/plugins:0
[   17118ms] [ERROR] Failed to load resource: the server responded with a status of 401 () @ http://localhost:8080/api/plugins:0
[   17233ms] [ERROR] Failed to load resource: the server responded with a status of 401 () @ http://localhost:8080/api/plugins:0
[   17338ms] [ERROR] Failed to load resource: the server responded with a status of 401 () @ http://localhost:8080/api/plugins:0
[   17438ms] [ERROR] Failed to load resource: the server responded with a status of 401 () @ http://localhost:8080/api/plugins:0
[   17533ms] [ERROR] Failed to load resource: the server responded with a status of 401 () @ http://localhost:8080/api/plugins:0
[   17627ms] [ERROR] Failed to load resource: the server responded with a status of 401 () @ http://localhost:8080/api/plugins:0
[   17737ms] [ERROR] Failed to load resource: the server responded with a status of 401 () @ http://localhost:8080/api/plugins:0
[   17849ms] [ERROR] Failed to load resource: the server responded with a status of 401 () @ http://localhost:8080/api/plugins:0
[   17982ms] [ERROR] Failed to load resource: the server responded with a status of 401 () @ http://localhost:8080/api/plugins:0
[   18095ms] [ERROR] Failed to load resource: the server responded with a status of 401 () @ http://localhost:8080/api/plugins:0
[   18206ms] [ERROR] Failed to load resource: the server responded with a status of 401 () @ http://localhost:8080/api/plugins:0
[   18370ms] [ERROR] Failed to load resource: the server responded with a status of 401 () @ http://localhost:8080/api/plugins:0
[   18506ms] [ERROR] Failed to load resource: the server responded with a status of 401 () @ http://localhost:8080/api/plugins:0
[   18620ms] [ERROR] Failed to load resource: the server responded with a status of 401 () @ http://localhost:8080/api/plugins:0
[   18737ms] [ERROR] Failed to load resource: the server responded with a status of 401 () @ http://localhost:8080/api/plugins:0
[   18857ms] [ERROR] Failed to load resource: the server responded with a status of 401 () @ http://localhost:8080/api/plugins:0
[   18963ms] [ERROR] Failed to load resource: the server responded with a status of 401 () @ http://localhost:8080/api/plugins:0
[   19076ms] [ERROR] Failed to load resource: the server responded with a status of 401 () @ http://localhost:8080/api/plugins:0
[   19407ms] [VERBOSE] [DOM] Input elements should have autocomplete attributes (suggested: "current-password"): (More info: https://goo.gl/9p2vKq) %o @ http://localhost:8080/login:0
[   21504ms] [ERROR] Failed to load resource: the server responded with a status of 401 () @ http://localhost:8080/api/auth/login:0
